

Microchip MPLAB XC8 Assembler V3.10 build 20250813170317 
                                                                                                           Sat Jul 11 15:24:07 2026


     1                           	processor	18F06Q40
     2                           	pagewidth 132
     3                           	psect	const,global,reloc=2,class=CONST,space=0,delta=1,noexec
     4                           	psect	smallconst,global,reloc=2,class=SMALLCONST,space=0,delta=1,noexec
     5                           	psect	mediumconst,global,reloc=2,class=MEDIUMCONST,space=0,delta=1,noexec
     6                           	psect	rbss,global,class=COMRAM,space=1,delta=1,noexec
     7                           	psect	bss,global,class=RAM,space=1,delta=1,noexec
     8                           	psect	rdata,global,class=COMRAM,space=1,delta=1,noexec
     9                           	psect	irdata,global,reloc=2,class=CODE,space=0,delta=1,noexec
    10                           	psect	data,global,class=RAM,space=1,delta=1,noexec
    11                           	psect	idata,global,reloc=2,class=CODE,space=0,delta=1,noexec
    12                           	psect	nvrram,global,class=COMRAM,space=1,delta=1,noexec
    13                           	psect	nvbit,global,bit,class=COMRAM,space=1,delta=1,noexec
    14                           	psect	temp,global,ovrld,class=COMRAM,space=1,delta=1,noexec
    15                           	psect	struct,global,ovrld,class=COMRAM,space=1,delta=1,noexec
    16                           	psect	rbit,global,bit,class=COMRAM,space=1,delta=1,noexec
    17                           	psect	bigbss,global,class=BIGRAM,space=1,delta=1,noexec
    18                           	psect	bigdata,global,class=BIGRAM,space=1,delta=1,noexec
    19                           	psect	ibigdata,global,reloc=2,class=CODE,space=0,delta=1,noexec
    20                           	psect	farbss,global,reloc=2,class=FARRAM,space=0,delta=1,noexec
    21                           	psect	nvFARRAM,global,reloc=2,class=FARRAM,space=0,delta=1,noexec
    22                           	psect	fardata,global,reloc=2,class=FARRAM,space=0,delta=1,noexec
    23                           	psect	ifardata,global,reloc=2,class=CODE,space=0,delta=1,noexec
    24                           	psect	reset_vec,global,reloc=2,class=CODE,space=0,delta=1
    25                           	psect	powerup,global,reloc=2,class=CODE,space=0,delta=1
    26                           	psect	init,global,reloc=2,class=CODE,space=0,delta=1
    27                           	psect	text,global,reloc=2,class=CODE,space=0,delta=1
    28                           	psect	clrtext,global,reloc=2,class=CODE,space=0,delta=1
    29                           	psect	config,global,class=CONFIG,space=4,delta=1,noexec
    30                           	psect	idloc,global,class=IDLOC,space=5,delta=1,noexec
    31                           	psect	eeprom_data,global,class=EEDATA,space=0,delta=1,noexec
    32                           	psect	ramtop,global,class=RAM,space=0,delta=1,noexec
    33                           	psect	stack,global,class=STACK,space=2,delta=1,noexec
    34                           	psect	heap,global,class=HEAP,space=7,delta=1,noexec
    35                           	psect	comram,global,class=COMRAM,space=1,delta=1
    36                           	psect	abs1,global,class=ABS1,space=1,delta=1
    37                           	psect	bigram,global,class=BIGRAM,space=1,delta=1
    38                           	psect	ram,global,class=RAM,space=1,delta=1
    39                           	psect	bank5,global,class=BANK5,space=1,delta=1
    40                           	psect	bank6,global,class=BANK6,space=1,delta=1
    41                           	psect	bank7,global,class=BANK7,space=1,delta=1
    42                           	psect	bank8,global,class=BANK8,space=1,delta=1
    43                           	psect	bank9,global,class=BANK9,space=1,delta=1
    44                           	psect	bank10,global,class=BANK10,space=1,delta=1
    45                           	psect	bank11,global,class=BANK11,space=1,delta=1
    46                           	psect	bank12,global,class=BANK12,space=1,delta=1
    47                           	psect	bank13,global,class=BANK13,space=1,delta=1
    48                           	psect	bank14,global,class=BANK14,space=1,delta=1
    49                           	psect	bank15,global,class=BANK15,space=1,delta=1
    50                           	psect	bank16,global,class=BANK16,space=1,delta=1
    51                           	psect	bank17,global,class=BANK17,space=1,delta=1
    52                           	psect	bank18,global,class=BANK18,space=1,delta=1
    53                           	psect	bank19,global,class=BANK19,space=1,delta=1
    54                           	psect	bank20,global,class=BANK20,space=1,delta=1
    55                           	psect	sfr,global,class=SFR,space=1,delta=1
    56                           	psect	bigsfr,global,class=BIGSFR,space=1,delta=1
    57                           
    58                           ; Microchip MPLAB XC8 C Compiler V3.10
    59                           ; Copyright (C) 2025 Microchip Technology Inc.
    60                           ; Auto-generated runtime startup code for final link stage.
    61                           ;
    62                           ; Compiler options:
    63                           ;
    64                           ; -q --opt=none --chip=18f06q40 \
    65                           ; -Mdist/default/production/PIC18F06Q40_Template.X_V055_Pro.production.map \
    66                           ; -DXPRJ_default=default -L--defsym=__MPLAB_BUILD=1 \
    67                           ; --dfp=/Applications/microchip/mplabx/v6.30/packs/Microchip/PIC18F-Q_DFP/1.28.451/xc8 \
    68                           ; --summary=+xml --summarydir=dist/default/production/memoryfile.xml \
    69                           ; -oPIC18F06Q40_Template.X_V055_Pro.production.elf \
    70                           ; --objdir=dist/default/production --outdir=dist/default/production \
    71                           ; build/default/production/main.p1 build/default/production/Dev_Led.p1 \
    72                           ; build/default/production/MCU_Time.p1 \
    73                           ; build/default/production/Sys_Time_MCU_Specific.p1 \
    74                           ; build/default/production/Dev_Uart.p1 \
    75                           ; build/default/production/PulseCounter.p1 \
    76                           ; build/default/production/FlowMeter.p1 \
    77                           ; build/default/production/FlowLog.p1 \
    78                           ; build/default/production/FlowReport.p1 \
    79                           ; build/default/production/led_fsm_sysstate.p1 \
    80                           ; build/default/production/Compress_Pack_10_14.p1 \
    81                           ; build/default/production/Dev_Valve.p1 \
    82                           ; build/default/production/Flow_Control.p1 \
    83                           ; build/default/production/MValve_OP3.p1 \
    84                           ; build/default/production/Packet.p1 -L--fixupoverflow=error --std=c99 \
    85                           ; --rors --icl=auto --callgraph=none --warn=-3 \
    86                           ; --errformat=%f:%l:%c: error: (%n) %s \
    87                           ; --warnformat=%f:%l:%c: warning: (%n) %s \
    88                           ; --msgformat=%f:%l:%c: advisory: (%n) %s
    89                           ;
    90   000000                     
    91                           ; Generated 24/03/2025 GMT
    92                           ; 
    93                           ; Copyright © 2025, Microchip Technology Inc. and its subsidiaries ("Microchip")
    94                           ; All rights reserved.
    95                           ; 
    96                           ; This software is developed by Microchip Technology Inc. and its subsidiaries ("Microchip").
    97                           ; 
    98                           ; Redistribution and use in source and binary forms, with or without modification, are
    99                           ; permitted provided that the following conditions are met:
   100                           ; 
   101                           ;     1. Redistributions of source code must retain the above copyright notice, this list of
   102                           ;        conditions and the following disclaimer.
   103                           ; 
   104                           ;     2. Redistributions in binary form must reproduce the above copyright notice, this list
   105                           ;        of conditions and the following disclaimer in the documentation and/or other
   106                           ;        materials provided with the distribution. Publication is not required when
   107                           ;        this file is used in an embedded application.
   108                           ; 
   109                           ;     3. Microchip's name may not be used to endorse or promote products derived from this
   110                           ;        software without specific prior written permission.
   111                           ; 
   112                           ; THIS SOFTWARE IS PROVIDED BY MICROCHIP "AS IS" AND ANY EXPRESS OR IMPLIED WARRANTIES,
   113                           ; INCLUDING, BUT NOT LIMITED TO, THE IMPLIED WARRANTIES OF MERCHANTABILITY AND FITNESS FOR
   114                           ; PURPOSE ARE DISCLAIMED.  IN NO EVENT SHALL MICROCHIP BE LIABLE FOR ANY DIRECT, INDIRECT,
   115                           ; INCIDENTAL, SPECIAL, EXEMPLARY, OR CONSEQUENTIAL DAMAGES (INCLUDING BUT NOT LIMITED TO
   116                           ; PROCUREMENT OF SUBSTITUTE GOODS OR SERVICES; LOSS OF USE, DATA OR PROFITS; OR BUSINESS
   117                           ; INTERRUPTION) HOWSOEVER CAUSED AND ON ANY THEORY OF LIABILITY, WHETHER IN CONTRACT, STRICT
   118                           ; LIABILITY, OR TORT (INCLUDING NEGLIGENCE OR OTHERWISE) ARISING IN ANY WAY OUT OF THE USE OF
   119                           ; THIS SOFTWARE, EVEN IF ADVISED OF THE POSSIBILITY OF SUCH DAMAGE.
   120                           ; 
   121                           ; 
   122                           ; Code-generator required, PIC18F06Q40 Definitions
   123                           ; 
   124                           ; SFR Addresses
   125   0004E0                     bsr             equ	1248
   126   0004E9                     fsr0            equ	1257
   127   0004EA                     fsr0h           equ	1258
   128   0004E9                     fsr0l           equ	1257
   129   0004E1                     fsr1            equ	1249
   130   0004E2                     fsr1h           equ	1250
   131   0004E1                     fsr1l           equ	1249
   132   0004D9                     fsr2            equ	1241
   133   0004DA                     fsr2h           equ	1242
   134   0004D9                     fsr2l           equ	1241
   135   0004EF                     indf0           equ	1263
   136   0004E7                     indf1           equ	1255
   137   0004DF                     indf2           equ	1247
   138   0004D6                     intcon          equ	1238
   139   000041                     nvmcon          equ	65
   140   0004F9                     pcl             equ	1273
   141   0004FA                     pclath          equ	1274
   142   0004FB                     pclatu          equ	1275
   143   0004EB                     plusw0          equ	1259
   144   0004E3                     plusw1          equ	1251
   145   0004DB                     plusw2          equ	1243
   146   0004ED                     postdec0        equ	1261
   147   0004E5                     postdec1        equ	1253
   148   0004DD                     postdec2        equ	1245
   149   0004EE                     postinc0        equ	1262
   150   0004E6                     postinc1        equ	1254
   151   0004DE                     postinc2        equ	1246
   152   0004EC                     preinc0         equ	1260
   153   0004E4                     preinc1         equ	1252
   154   0004DC                     preinc2         equ	1244
   155   0004F3                     prod            equ	1267
   156   0004F4                     prodh           equ	1268
   157   0004F3                     prodl           equ	1267
   158   0004D8                     status          equ	1240
   159   0004F5                     tablat          equ	1269
   160   0004F6                     tblptr          equ	1270
   161   0004F7                     tblptrh         equ	1271
   162   0004F6                     tblptrl         equ	1270
   163   0004F8                     tblptru         equ	1272
   164   0004FD                     tosl            equ	1277
   165   0004E8                     wreg            equ	1256
   166   000001                     pic18cxx        equ	1
   167                           
   168                           	psect	reset_vec
   169   000000                     
   170                           ; No powerup routine
   171                           ; jump to start
   172   000000  EF0D  F000         	goto	start
   173   000560                     __accesstop     equ	1376
   174                           
   175                           ;Initialize the stack pointer (FSR1)
   176   000000                     stacklo         equ	0
   177   000000                     stackhi         equ	0
   178                           
   179                           	psect	init
   180   00001A                     start:
   181                           	callstack 0
   182   00001A  EFAF  F01A         	goto	start_initialization	;jump to C runtime clear & initialization
   183                           
   184                           	psect	text
   185   000000                     intlevel0:
   186                           	callstack 0
   187   000000                     intlevel1:
   188                           	callstack 0
   189   000000                     intlevel2:
   190                           	callstack 0
   191   000000                     intlevel3:
   192                           	callstack 0	; top of RAM usage
   193                           
   194                           	psect	ramtop
   195   001600                     __ramtop:
   196                           	callstack 0
   197                           
   198                           	psect	stack
   199   000000                     ___sp:
   200                           	callstack 0
   201   000000                     ___inthi_sp:
   202                           	callstack 0
   203   000000                     ___intlo_sp:
   204                           	callstack 0
   205   000000                     ___stack_lo:
   206                           	callstack 0
   207   000000                     ___stack_hi:
   208                           	callstack 0
   209   000000                     ___inthi_stack_lo:
   210                           	callstack 0
   211   000000                     ___inthi_stack_hi:
   212                           	callstack 0
   213   000000                     ___intlo_stack_lo:
   214                           	callstack 0
   215   000000                     ___intlo_stack_hi:
   216                           	callstack 0
   217                           
   218                           ; No heap to be allocated
   219                           
   220                           	psect	heap
   221   000000                     ___heap_lo      equ	0
   222   000000                     ___heap_hi      equ	0
   223                           tosu	equ	0x4FF
   224                           tosh	equ	0x4FE
   225                           tosl	equ	0x4FD
   226                           stkptr	equ	0x4FC
   227                           pclatu	equ	0x4FB
   228                           pclath	equ	0x4FA
   229                           pcl	equ	0x4F9
   230                           tblptru	equ	0x4F8
   231                           tblptrh	equ	0x4F7
   232                           tblptrl	equ	0x4F6
   233                           tablat	equ	0x4F5
   234                           prodh	equ	0x4F4
   235                           prodl	equ	0x4F3
   236                           indf0	equ	0x4EF
   237                           postinc0	equ	0x4EE
   238                           postdec0	equ	0x4ED
   239                           preinc0	equ	0x4EC
   240                           plusw0	equ	0x4EB
   241                           fsr0h	equ	0x4EA
   242                           fsr0l	equ	0x4E9
   243                           wreg	equ	0x4E8
   244                           indf1	equ	0x4E7
   245                           postinc1	equ	0x4E6
   246                           postdec1	equ	0x4E5
   247                           preinc1	equ	0x4E4
   248                           plusw1	equ	0x4E3
   249                           fsr1h	equ	0x4E2
   250                           fsr1l	equ	0x4E1
   251                           bsr	equ	0x4E0
   252                           indf2	equ	0x4DF
   253                           postinc2	equ	0x4DE
   254                           postdec2	equ	0x4DD
   255                           preinc2	equ	0x4DC
   256                           plusw2	equ	0x4DB
   257                           fsr2h	equ	0x4DA
   258                           fsr2l	equ	0x4D9
   259                           status	equ	0x4D8


Microchip Technology PIC18 Macro Assembler V3.10 build 20250813170317 
Symbol Table                                                                                               Sat Jul 11 15:24:07 2026

                __S1 1335                 ___sp 0000                 _main 20C4                 start 001A  
              __HRAM 0000                __LRAM 0001               isa$std 0001     ___inthi_stack_hi 0000  
   ___inthi_stack_lo 0000               stackhi 0000               stacklo 0000           __accesstop 0560  
         ___inthi_sp 0000           ___intlo_sp 0000           ___stack_hi 0000           ___stack_lo 0000  
   ___intlo_stack_hi 0000     ___intlo_stack_lo 0000              __ramtop 1600  start_initialization 355E  
          ___heap_hi 0000            ___heap_lo 0000             isa$xinst 0000             intlevel0 0000  
           intlevel1 0000             intlevel2 0000             intlevel3 0000             reset_vec 0000  
